Build started 2015/5/23 10:11:17.
     1>Project "C:\Users\Dominic\documents\visual studio 2013\Projects\Disassembler_Alpha\Disassembler_Alpha\Disassembler_Alpha.vcxproj" on node 2 (Rebuild target(s)).
     1>ClCompile:
         C:\Program Files (x86)\Microsoft Visual Studio 12.0\VC\bin\CL.exe /c /ZI /nologo /W3 /WX- /sdl- /Od /Oy- /D WIN32 /D _DEBUG /D _CONSOLE /D _LIB /D _MBCS /Gm /EHsc /RTC1 /MDd /GS /fp:precise /Zc:wchar_t /Zc:forScope /Yc"stdafx.h" /Fp"Debug\Disassembler_Alpha.pch" /Fo"Debug\\" /Fd"Debug\vc120.pdb" /Gd /TP /analyze- /errorReport:prompt stdafx.cpp
         stdafx.cpp
         C:\Program Files (x86)\Microsoft Visual Studio 12.0\VC\bin\CL.exe /c /ZI /nologo /W3 /WX- /sdl- /Od /Oy- /D WIN32 /D _DEBUG /D _CONSOLE /D _LIB /D _MBCS /Gm /EHsc /RTC1 /MDd /GS /fp:precise /Zc:wchar_t /Zc:forScope /Yu"stdafx.h" /Fp"Debug\Disassembler_Alpha.pch" /Fo"Debug\\" /Fd"Debug\vc120.pdb" /Gd /TP /analyze- /errorReport:prompt Disassembler_Alpha.cpp
         Disassembler_Alpha.cpp
     1>c:\users\dominic\documents\visual studio 2013\projects\disassembler_alpha\disassembler_alpha\disassembler_alpha.cpp(527): warning C4018: '<' : signed/unsigned mismatch
     1>c:\users\dominic\documents\visual studio 2013\projects\disassembler_alpha\disassembler_alpha\disassembler_alpha.cpp(552): warning C4554: '&' : check operator precedence for possible error; use parentheses to clarify precedence
     1>c:\users\dominic\documents\visual studio 2013\projects\disassembler_alpha\disassembler_alpha\disassembler_alpha.cpp(580): warning C4018: '<' : signed/unsigned mismatch
     1>c:\users\dominic\documents\visual studio 2013\projects\disassembler_alpha\disassembler_alpha\disassembler_alpha.cpp(647): warning C4554: '&' : check operator precedence for possible error; use parentheses to clarify precedence
     1>c:\users\dominic\documents\visual studio 2013\projects\disassembler_alpha\disassembler_alpha\disassembler_alpha.cpp(693): warning C4996: '_itoa': This function or variable may be unsafe. Consider using _itoa_s instead. To disable deprecation, use _CRT_SECURE_NO_WARNINGS. See online help for details.
                 c:\program files (x86)\microsoft visual studio 12.0\vc\include\stdlib.h(481) : see declaration of '_itoa'
     1>c:\users\dominic\documents\visual studio 2013\projects\disassembler_alpha\disassembler_alpha\disassembler_alpha.cpp(706): warning C4996: '_itoa': This function or variable may be unsafe. Consider using _itoa_s instead. To disable deprecation, use _CRT_SECURE_NO_WARNINGS. See online help for details.
                 c:\program files (x86)\microsoft visual studio 12.0\vc\include\stdlib.h(481) : see declaration of '_itoa'
     1>c:\users\dominic\documents\visual studio 2013\projects\disassembler_alpha\disassembler_alpha\disassembler_alpha.cpp(719): warning C4996: '_itoa': This function or variable may be unsafe. Consider using _itoa_s instead. To disable deprecation, use _CRT_SECURE_NO_WARNINGS. See online help for details.
                 c:\program files (x86)\microsoft visual studio 12.0\vc\include\stdlib.h(481) : see declaration of '_itoa'
     1>c:\users\dominic\documents\visual studio 2013\projects\disassembler_alpha\disassembler_alpha\disassembler_alpha.cpp(730): warning C4554: '&' : check operator precedence for possible error; use parentheses to clarify precedence
     1>c:\users\dominic\documents\visual studio 2013\projects\disassembler_alpha\disassembler_alpha\disassembler_alpha.cpp(791): warning C4996: '_itoa': This function or variable may be unsafe. Consider using _itoa_s instead. To disable deprecation, use _CRT_SECURE_NO_WARNINGS. See online help for details.
                 c:\program files (x86)\microsoft visual studio 12.0\vc\include\stdlib.h(481) : see declaration of '_itoa'
     1>c:\users\dominic\documents\visual studio 2013\projects\disassembler_alpha\disassembler_alpha\disassembler_alpha.cpp(804): warning C4996: '_itoa': This function or variable may be unsafe. Consider using _itoa_s instead. To disable deprecation, use _CRT_SECURE_NO_WARNINGS. See online help for details.
                 c:\program files (x86)\microsoft visual studio 12.0\vc\include\stdlib.h(481) : see declaration of '_itoa'
     1>c:\users\dominic\documents\visual studio 2013\projects\disassembler_alpha\disassembler_alpha\disassembler_alpha.cpp(817): warning C4996: '_itoa': This function or variable may be unsafe. Consider using _itoa_s instead. To disable deprecation, use _CRT_SECURE_NO_WARNINGS. See online help for details.
                 c:\program files (x86)\microsoft visual studio 12.0\vc\include\stdlib.h(481) : see declaration of '_itoa'
     1>c:\users\dominic\documents\visual studio 2013\projects\disassembler_alpha\disassembler_alpha\disassembler_alpha.cpp(864): warning C4554: '&' : check operator precedence for possible error; use parentheses to clarify precedence
     1>c:\users\dominic\documents\visual studio 2013\projects\disassembler_alpha\disassembler_alpha\disassembler_alpha.cpp(894): warning C4996: '_itoa': This function or variable may be unsafe. Consider using _itoa_s instead. To disable deprecation, use _CRT_SECURE_NO_WARNINGS. See online help for details.
                 c:\program files (x86)\microsoft visual studio 12.0\vc\include\stdlib.h(481) : see declaration of '_itoa'
     1>c:\users\dominic\documents\visual studio 2013\projects\disassembler_alpha\disassembler_alpha\disassembler_alpha.cpp(907): warning C4996: '_itoa': This function or variable may be unsafe. Consider using _itoa_s instead. To disable deprecation, use _CRT_SECURE_NO_WARNINGS. See online help for details.
                 c:\program files (x86)\microsoft visual studio 12.0\vc\include\stdlib.h(481) : see declaration of '_itoa'
     1>c:\users\dominic\documents\visual studio 2013\projects\disassembler_alpha\disassembler_alpha\disassembler_alpha.cpp(922): warning C4996: '_itoa': This function or variable may be unsafe. Consider using _itoa_s instead. To disable deprecation, use _CRT_SECURE_NO_WARNINGS. See online help for details.
                 c:\program files (x86)\microsoft visual studio 12.0\vc\include\stdlib.h(481) : see declaration of '_itoa'
     1>c:\users\dominic\documents\visual studio 2013\projects\disassembler_alpha\disassembler_alpha\disassembler_alpha.cpp(934): warning C4996: '_itoa': This function or variable may be unsafe. Consider using _itoa_s instead. To disable deprecation, use _CRT_SECURE_NO_WARNINGS. See online help for details.
                 c:\program files (x86)\microsoft visual studio 12.0\vc\include\stdlib.h(481) : see declaration of '_itoa'
     1>c:\users\dominic\documents\visual studio 2013\projects\disassembler_alpha\disassembler_alpha\disassembler_alpha.cpp(950): warning C4996: '_itoa': This function or variable may be unsafe. Consider using _itoa_s instead. To disable deprecation, use _CRT_SECURE_NO_WARNINGS. See online help for details.
                 c:\program files (x86)\microsoft visual studio 12.0\vc\include\stdlib.h(481) : see declaration of '_itoa'
     1>c:\users\dominic\documents\visual studio 2013\projects\disassembler_alpha\disassembler_alpha\disassembler_alpha.cpp(962): warning C4996: '_itoa': This function or variable may be unsafe. Consider using _itoa_s instead. To disable deprecation, use _CRT_SECURE_NO_WARNINGS. See online help for details.
                 c:\program files (x86)\microsoft visual studio 12.0\vc\include\stdlib.h(481) : see declaration of '_itoa'
     1>c:\users\dominic\documents\visual studio 2013\projects\disassembler_alpha\disassembler_alpha\disassembler_alpha.cpp(984): warning C4554: '&' : check operator precedence for possible error; use parentheses to clarify precedence
     1>c:\users\dominic\documents\visual studio 2013\projects\disassembler_alpha\disassembler_alpha\disassembler_alpha.cpp(998): warning C4996: '_itoa': This function or variable may be unsafe. Consider using _itoa_s instead. To disable deprecation, use _CRT_SECURE_NO_WARNINGS. See online help for details.
                 c:\program files (x86)\microsoft visual studio 12.0\vc\include\stdlib.h(481) : see declaration of '_itoa'
     1>c:\users\dominic\documents\visual studio 2013\projects\disassembler_alpha\disassembler_alpha\disassembler_alpha.cpp(1011): warning C4996: '_itoa': This function or variable may be unsafe. Consider using _itoa_s instead. To disable deprecation, use _CRT_SECURE_NO_WARNINGS. See online help for details.
                 c:\program files (x86)\microsoft visual studio 12.0\vc\include\stdlib.h(481) : see declaration of '_itoa'
     1>c:\users\dominic\documents\visual studio 2013\projects\disassembler_alpha\disassembler_alpha\disassembler_alpha.cpp(1022): warning C4996: '_itoa': This function or variable may be unsafe. Consider using _itoa_s instead. To disable deprecation, use _CRT_SECURE_NO_WARNINGS. See online help for details.
                 c:\program files (x86)\microsoft visual studio 12.0\vc\include\stdlib.h(481) : see declaration of '_itoa'
     1>c:\users\dominic\documents\visual studio 2013\projects\disassembler_alpha\disassembler_alpha\disassembler_alpha.cpp(1030): warning C4554: '&' : check operator precedence for possible error; use parentheses to clarify precedence
     1>c:\users\dominic\documents\visual studio 2013\projects\disassembler_alpha\disassembler_alpha\disassembler_alpha.cpp(1071): warning C4554: '&' : check operator precedence for possible error; use parentheses to clarify precedence
     1>c:\users\dominic\documents\visual studio 2013\projects\disassembler_alpha\disassembler_alpha\disassembler_alpha.cpp(1122): warning C4018: '<' : signed/unsigned mismatch
       Link:
         C:\Program Files (x86)\Microsoft Visual Studio 12.0\VC\bin\link.exe /ERRORREPORT:PROMPT /OUT:"C:\Users\Dominic\documents\visual studio 2013\Projects\Disassembler_Alpha\Debug\Disassembler_Alpha.exe" /INCREMENTAL /NOLOGO kernel32.lib user32.lib gdi32.lib winspool.lib comdlg32.lib advapi32.lib shell32.lib ole32.lib oleaut32.lib uuid.lib odbc32.lib odbccp32.lib /MANIFEST /MANIFESTUAC:"level='asInvoker' uiAccess='false'" /manifest:embed /DEBUG /PDB:"C:\Users\Dominic\documents\visual studio 2013\Projects\Disassembler_Alpha\Debug\Disassembler_Alpha.pdb" /SUBSYSTEM:CONSOLE /TLBID:1 /DYNAMICBASE /NXCOMPAT /IMPLIB:"C:\Users\Dominic\documents\visual studio 2013\Projects\Disassembler_Alpha\Debug\Disassembler_Alpha.lib" /MACHINE:X86 Debug\Disassembler_Alpha.obj
         Debug\stdafx.obj
         Disassembler_Alpha.vcxproj -> C:\Users\Dominic\documents\visual studio 2013\Projects\Disassembler_Alpha\Debug\Disassembler_Alpha.exe
     1>Done Building Project "C:\Users\Dominic\documents\visual studio 2013\Projects\Disassembler_Alpha\Disassembler_Alpha\Disassembler_Alpha.vcxproj" (Rebuild target(s)).

Build succeeded.

Time Elapsed 00:00:01.45
